****************************************************************************************
This is a development tool for Scully applications.
You can ignore the warning (TLS) or run scully with --no-warning
****************************************************************************************

----------------------------------
Using stored unhandled routes!.
   To discover new routes in the angular app use "npm run scully -- --scanRoutes"
----------------------------------

----------------------------------
Using stored unhandled routes!.
   To discover new routes in the angular app use "npm run scully -- --scanRoutes"
----------------------------------

----------------------------------
Using stored unhandled routes!.
   To discover new routes in the angular app use "npm run scully -- --scanRoutes"
----------------------------------

----------------------------------
Using stored unhandled routes!.
   To discover new routes in the angular app use "npm run scully -- --scanRoutes"
----------------------------------

----------------------------------
Using stored unhandled routes!.
   To discover new routes in the angular app use "npm run scully -- --scanRoutes"
----------------------------------

----------------------------------
Using stored unhandled routes!.
   To discover new routes in the angular app use "npm run scully -- --scanRoutes"
----------------------------------

----------------------------------
Using stored unhandled routes!.
   To discover new routes in the angular app use "npm run scully -- --scanRoutes"
----------------------------------

----------------------------------
Using stored unhandled routes!.
   To discover new routes in the angular app use "npm run scully -- --scanRoutes"
----------------------------------

----------------------------------
Using stored unhandled routes!.
   To discover new routes in the angular app use "npm run scully -- --scanRoutes"
----------------------------------

----------------------------------
Using stored unhandled routes!.
   To discover new routes in the angular app use "npm run scully -- --scanRoutes"
----------------------------------

----------------------------------
Using stored unhandled routes!.
   To discover new routes in the angular app use "npm run scully -- --scanRoutes"
----------------------------------

----------------------------------
Using stored unhandled routes!.
   To discover new routes in the angular app use "npm run scully -- --scanRoutes"
----------------------------------

----------------------------------
Using stored unhandled routes!.
   To discover new routes in the angular app use "npm run scully -- --scanRoutes"
----------------------------------

----------------------------------
Using stored unhandled routes!.
   To discover new routes in the angular app use "npm run scully -- --scanRoutes"
----------------------------------

----------------------------------
Using stored unhandled routes!.
   To discover new routes in the angular app use "npm run scully -- --scanRoutes"
----------------------------------

----------------------------------
Using stored unhandled routes!.
   To discover new routes in the angular app use "npm run scully -- --scanRoutes"
----------------------------------

----------------------------------
Using stored unhandled routes!.
   To discover new routes in the angular app use "npm run scully -- --scanRoutes"
----------------------------------

----------------------------------
Using stored unhandled routes!.
   To discover new routes in the angular app use "npm run scully -- --scanRoutes"
----------------------------------

----------------------------------
Using stored unhandled routes!.
   To discover new routes in the angular app use "npm run scully -- --scanRoutes"
----------------------------------

----------------------------------
Using stored unhandled routes!.
   To discover new routes in the angular app use "npm run scully -- --scanRoutes"
----------------------------------

----------------------------------
Using stored unhandled routes!.
   To discover new routes in the angular app use "npm run scully -- --scanRoutes"
----------------------------------

----------------------------------
Using stored unhandled routes!.
   To discover new routes in the angular app use "npm run scully -- --scanRoutes"
----------------------------------

----------------------------------
Using stored unhandled routes!.
   To discover new routes in the angular app use "npm run scully -- --scanRoutes"
----------------------------------

----------------------------------
Using stored unhandled routes!.
   To discover new routes in the angular app use "npm run scully -- --scanRoutes"
----------------------------------

----------------------------------
Using stored unhandled routes!.
   To discover new routes in the angular app use "npm run scully -- --scanRoutes"
----------------------------------

----------------------------------
Using stored unhandled routes!.
   To discover new routes in the angular app use "npm run scully -- --scanRoutes"
----------------------------------

----------------------------------
Using stored unhandled routes!.
   To discover new routes in the angular app use "npm run scully -- --scanRoutes"
----------------------------------

----------------------------------
Using stored unhandled routes!.
   To discover new routes in the angular app use "npm run scully -- --scanRoutes"
----------------------------------

----------------------------------
Using stored unhandled routes!.
   To discover new routes in the angular app use "npm run scully -- --scanRoutes"
----------------------------------
Received Kill commandClosed servers


----------------------------------
Using stored unhandled routes!.
   To discover new routes in the angular app use "npm run scully -- --scanRoutes"
----------------------------------

----------------------------------
Using stored unhandled routes!.
   To discover new routes in the angular app use "npm run scully -- --scanRoutes"
----------------------------------

----------------------------------
Using stored unhandled routes!.
   To discover new routes in the angular app use "npm run scully -- --scanRoutes"
----------------------------------

----------------------------------
Using stored unhandled routes!.
   To discover new routes in the angular app use "npm run scully -- --scanRoutes"
----------------------------------

----------------------------------
Using stored unhandled routes!.
   To discover new routes in the angular app use "npm run scully -- --scanRoutes"
----------------------------------

----------------------------------
Using stored unhandled routes!.
   To discover new routes in the angular app use "npm run scully -- --scanRoutes"
----------------------------------

----------------------------------
Using stored unhandled routes!.
   To discover new routes in the angular app use "npm run scully -- --scanRoutes"
----------------------------------

----------------------------------
Using stored unhandled routes!.
   To discover new routes in the angular app use "npm run scully -- --scanRoutes"
----------------------------------

----------------------------------
Using stored unhandled routes!.
   To discover new routes in the angular app use "npm run scully -- --scanRoutes"
----------------------------------

----------------------------------
Using stored unhandled routes!.
   To discover new routes in the angular app use "npm run scully -- --scanRoutes"
----------------------------------

----------------------------------
Using stored unhandled routes!.
   To discover new routes in the angular app use "npm run scully -- --scanRoutes"
----------------------------------

----------------------------------
Using stored unhandled routes!.
   To discover new routes in the angular app use "npm run scully -- --scanRoutes"
----------------------------------

----------------------------------
Using stored unhandled routes!.
   To discover new routes in the angular app use "npm run scully -- --scanRoutes"
----------------------------------

----------------------------------
Using stored unhandled routes!.
   To discover new routes in the angular app use "npm run scully -- --scanRoutes"
----------------------------------

----------------------------------
Using stored unhandled routes!.
   To discover new routes in the angular app use "npm run scully -- --scanRoutes"
----------------------------------
Received Kill commandClosed servers


----------------------------------
Using stored unhandled routes!.
   To discover new routes in the angular app use "npm run scully -- --scanRoutes"
----------------------------------

----------------------------------
Using stored unhandled routes!.
   To discover new routes in the angular app use "npm run scully -- --scanRoutes"
----------------------------------

----------------------------------
Using stored unhandled routes!.
   To discover new routes in the angular app use "npm run scully -- --scanRoutes"
----------------------------------

----------------------------------
Using stored unhandled routes!.
   To discover new routes in the angular app use "npm run scully -- --scanRoutes"
----------------------------------

----------------------------------
Using stored unhandled routes!.
   To discover new routes in the angular app use "npm run scully -- --scanRoutes"
----------------------------------
Received Kill commandClosed servers


----------------------------------
Using stored unhandled routes!.
   To discover new routes in the angular app use "npm run scully -- --scanRoutes"
----------------------------------

----------------------------------
Using stored unhandled routes!.
   To discover new routes in the angular app use "npm run scully -- --scanRoutes"
----------------------------------

----------------------------------
Using stored unhandled routes!.
   To discover new routes in the angular app use "npm run scully -- --scanRoutes"
----------------------------------

----------------------------------
Using stored unhandled routes!.
   To discover new routes in the angular app use "npm run scully -- --scanRoutes"
----------------------------------

----------------------------------
Using stored unhandled routes!.
   To discover new routes in the angular app use "npm run scully -- --scanRoutes"
----------------------------------

----------------------------------
Using stored unhandled routes!.
   To discover new routes in the angular app use "npm run scully -- --scanRoutes"
----------------------------------

----------------------------------
Using stored unhandled routes!.
   To discover new routes in the angular app use "npm run scully -- --scanRoutes"
----------------------------------

----------------------------------
Using stored unhandled routes!.
   To discover new routes in the angular app use "npm run scully -- --scanRoutes"
----------------------------------

----------------------------------
Using stored unhandled routes!.
   To discover new routes in the angular app use "npm run scully -- --scanRoutes"
----------------------------------

----------------------------------
Using stored unhandled routes!.
   To discover new routes in the angular app use "npm run scully -- --scanRoutes"
----------------------------------

----------------------------------
Using stored unhandled routes!.
   To discover new routes in the angular app use "npm run scully -- --scanRoutes"
----------------------------------

----------------------------------
Using stored unhandled routes!.
   To discover new routes in the angular app use "npm run scully -- --scanRoutes"
----------------------------------

----------------------------------
Using stored unhandled routes!.
   To discover new routes in the angular app use "npm run scully -- --scanRoutes"
----------------------------------
The file ./blog/bilder/1.gif has extension .gif that has no plugin defined, scully will skip this file.The file ./blog/bilder/2.gif has extension .gif that has no plugin defined, scully will skip this file.The file ./blog/bilder/3.gif has extension .gif that has no plugin defined, scully will skip this file.The file ./blog/bilder/404.jpg has extension .jpg that has no plugin defined, scully will skip this file.The file ./blog/bilder/CSS-CHEAT-SHEET-p1-2019-update.png has extension .png that has no plugin defined, scully will skip this file.The file ./blog/bilder/CSS-CHEAT-SHEET-p4.png has extension .png that has no plugin defined, scully will skip this file.The file ./blog/bilder/CT_ecosystem.gif has extension .gif that has no plugin defined, scully will skip this file.The file ./blog/bilder/Container.jpg has extension .jpg that has no plugin defined, scully will skip this file.The file ./blog/bilder/Containerstrategie.jpg has extension .jpg that has no plugin defined, scully will skip this file.The file ./blog/bilder/DVCS.png has extension .png that has no plugin defined, scully will skip this file.The file ./blog/bilder/Docker_Kubernetes.jpg has extension .jpg that has no plugin defined, scully will skip this file.The file ./blog/bilder/Docker_und_Kubernetes.jpg has extension .jpg that has no plugin defined, scully will skip this file.The file ./blog/bilder/Git_Workflow.png has extension .png that has no plugin defined, scully will skip this file.The file ./blog/bilder/Learning_Links.png has extension .png that has no plugin defined, scully will skip this file.The file ./blog/bilder/RESTvsGraphQL.jpg has extension .jpg that has no plugin defined, scully will skip this file.The file ./blog/bilder/Selenium-WebDriver-for-Automation-Testing.jpeg has extension .jpeg that has no plugin defined, scully will skip this file.The file ./blog/bilder/TABNABBING_OVERVIEW_WITHOUT_LINK.png has extension .png that has no plugin defined, scully will skip this file.The file ./blog/bilder/TABNABBING_OVERVIEW_WITH_LINK.png has extension .png that has no plugin defined, scully will skip this file.The file ./blog/bilder/TODOComponents.jpeg has extension .jpeg that has no plugin defined, scully will skip this file.The file ./blog/bilder/TS_fehlermeldung.png has extension .png that has no plugin defined, scully will skip this file.The file ./blog/bilder/URI_Erklärung.jpeg has extension .jpeg that has no plugin defined, scully will skip this file.The file ./blog/bilder/VueJS.png has extension .png that has no plugin defined, scully will skip this file.The file ./blog/bilder/Web-Themen & Technologien - DOM_Baum.jpg has extension .jpg that has no plugin defined, scully will skip this file.The file ./blog/bilder/backend_frontend.png has extension .png that has no plugin defined, scully will skip this file.The file ./blog/bilder/centralized_version.png has extension .png that has no plugin defined, scully will skip this file.The file ./blog/bilder/ci_cd_pipelines.png has extension .png that has no plugin defined, scully will skip this file.The file ./blog/bilder/codepen.png has extension .png that has no plugin defined, scully will skip this file.The file ./blog/bilder/elements_inovex.png has extension .png that has no plugin defined, scully will skip this file.The file ./blog/bilder/flexboxsheet.png has extension .png that has no plugin defined, scully will skip this file.The file ./blog/bilder/framework_libraries.jpeg has extension .jpeg that has no plugin defined, scully will skip this file.The file ./blog/bilder/html-tags-infographics-mobile.png has extension .png that has no plugin defined, scully will skip this file.The file ./blog/bilder/html-tags-infographics.png has extension .png that has no plugin defined, scully will skip this file.The file ./blog/bilder/injector-injects.png has extension .png that has no plugin defined, scully will skip this file.The file ./blog/bilder/jQuery.png has extension .png that has no plugin defined, scully will skip this file.The file ./blog/bilder/javascript_mitTS.png has extension .png that has no plugin defined, scully will skip this file.The file ./blog/bilder/javascript_ohneTS.png has extension .png that has no plugin defined, scully will skip this file.The file ./blog/bilder/js-cheatsheet.pdf has extension .pdf that has no plugin defined, scully will skip this file.The file ./blog/bilder/local_storage.jpeg has extension .jpeg that has no plugin defined, scully will skip this file.The file ./blog/bilder/local_version.png has extension .png that has no plugin defined, scully will skip this file.The file ./blog/bilder/monolithic-vs-microservices.png has extension .png that has no plugin defined, scully will skip this file.The file ./blog/bilder/nav-diagram.png has extension .png that has no plugin defined, scully will skip this file.The file ./blog/bilder/progressive_web_app.jpeg has extension .jpeg that has no plugin defined, scully will skip this file.The file ./blog/bilder/spa.png has extension .png that has no plugin defined, scully will skip this file.The file ./blog/bilder/testing-1.png has extension .png that has no plugin defined, scully will skip this file.The file ./blog/bilder/which_API.png has extension .png that has no plugin defined, scully will skip this file.The file ./blog/bilder/A11y_Checkliste.jpg has extension .jpg that has no plugin defined, scully will skip this file.The file ./blog/bilder/CSS-CHEAT-SHEET-p2-2019-update.png has extension .png that has no plugin defined, scully will skip this file.The file ./blog/bilder/CSS-CHEAT-SHEET-p3-2019-update.png has extension .png that has no plugin defined, scully will skip this file.
















































----------------------------------
Using stored unhandled routes!.
   To discover new routes in the angular app use "npm run scully -- --scanRoutes"
----------------------------------The file ./blog/bilder/1.gif has extension .gif that has no plugin defined, scully will skip this file.The file ./blog/bilder/2.gif has extension .gif that has no plugin defined, scully will skip this file.The file ./blog/bilder/3.gif has extension .gif that has no plugin defined, scully will skip this file.The file ./blog/bilder/404.jpg has extension .jpg that has no plugin defined, scully will skip this file.The file ./blog/bilder/A11y_Checkliste.jpg has extension .jpg that has no plugin defined, scully will skip this file.The file ./blog/bilder/CSS-CHEAT-SHEET-p1-2019-update.png has extension .png that has no plugin defined, scully will skip this file.The file ./blog/bilder/CSS-CHEAT-SHEET-p2-2019-update.png has extension .png that has no plugin defined, scully will skip this file.The file ./blog/bilder/CSS-CHEAT-SHEET-p3-2019-update.png has extension .png that has no plugin defined, scully will skip this file.The file ./blog/bilder/Container.jpg has extension .jpg that has no plugin defined, scully will skip this file.The file ./blog/bilder/DVCS.png has extension .png that has no plugin defined, scully will skip this file.The file ./blog/bilder/Docker_Kubernetes.jpg has extension .jpg that has no plugin defined, scully will skip this file.The file ./blog/bilder/Docker_und_Kubernetes.jpg has extension .jpg that has no plugin defined, scully will skip this file.The file ./blog/bilder/Git_Workflow.png has extension .png that has no plugin defined, scully will skip this file.The file ./blog/bilder/Learning_Links.png has extension .png that has no plugin defined, scully will skip this file.The file ./blog/bilder/RESTvsGraphQL.jpg has extension .jpg that has no plugin defined, scully will skip this file.The file ./blog/bilder/Selenium-WebDriver-for-Automation-Testing.jpeg has extension .jpeg that has no plugin defined, scully will skip this file.The file ./blog/bilder/TABNABBING_OVERVIEW_WITHOUT_LINK.png has extension .png that has no plugin defined, scully will skip this file.The file ./blog/bilder/TABNABBING_OVERVIEW_WITH_LINK.png has extension .png that has no plugin defined, scully will skip this file.The file ./blog/bilder/TODOComponents.jpeg has extension .jpeg that has no plugin defined, scully will skip this file.The file ./blog/bilder/TS_fehlermeldung.png has extension .png that has no plugin defined, scully will skip this file.The file ./blog/bilder/URI_Erklärung.jpeg has extension .jpeg that has no plugin defined, scully will skip this file.The file ./blog/bilder/VueJS.png has extension .png that has no plugin defined, scully will skip this file.The file ./blog/bilder/Web-Themen & Technologien - DOM_Baum.jpg has extension .jpg that has no plugin defined, scully will skip this file.The file ./blog/bilder/backend_frontend.png has extension .png that has no plugin defined, scully will skip this file.The file ./blog/bilder/centralized_version.png has extension .png that has no plugin defined, scully will skip this file.The file ./blog/bilder/ci_cd_pipelines.png has extension .png that has no plugin defined, scully will skip this file.The file ./blog/bilder/codepen.png has extension .png that has no plugin defined, scully will skip this file.The file ./blog/bilder/elements_inovex.png has extension .png that has no plugin defined, scully will skip this file.The file ./blog/bilder/flexboxsheet.png has extension .png that has no plugin defined, scully will skip this file.The file ./blog/bilder/framework_libraries.jpeg has extension .jpeg that has no plugin defined, scully will skip this file.The file ./blog/bilder/html-tags-infographics-mobile.png has extension .png that has no plugin defined, scully will skip this file.The file ./blog/bilder/html-tags-infographics.png has extension .png that has no plugin defined, scully will skip this file.The file ./blog/bilder/injector-injects.png has extension .png that has no plugin defined, scully will skip this file.The file ./blog/bilder/jQuery.png has extension .png that has no plugin defined, scully will skip this file.The file ./blog/bilder/javascript_mitTS.png has extension .png that has no plugin defined, scully will skip this file.The file ./blog/bilder/javascript_ohneTS.png has extension .png that has no plugin defined, scully will skip this file.The file ./blog/bilder/js-cheatsheet.pdf has extension .pdf that has no plugin defined, scully will skip this file.The file ./blog/bilder/local_storage.jpeg has extension .jpeg that has no plugin defined, scully will skip this file.The file ./blog/bilder/local_version.png has extension .png that has no plugin defined, scully will skip this file.The file ./blog/bilder/monolithic-vs-microservices.png has extension .png that has no plugin defined, scully will skip this file.The file ./blog/bilder/nav-diagram.png has extension .png that has no plugin defined, scully will skip this file.The file ./blog/bilder/progressive_web_app.jpeg has extension .jpeg that has no plugin defined, scully will skip this file.The file ./blog/bilder/spa.png has extension .png that has no plugin defined, scully will skip this file.The file ./blog/bilder/testing-1.png has extension .png that has no plugin defined, scully will skip this file.The file ./blog/bilder/which_API.png has extension .png that has no plugin defined, scully will skip this file.The file ./blog/bilder/CSS-CHEAT-SHEET-p4.png has extension .png that has no plugin defined, scully will skip this file.The file ./blog/bilder/CT_ecosystem.gif has extension .gif that has no plugin defined, scully will skip this file.The file ./blog/bilder/Containerstrategie.jpg has extension .jpg that has no plugin defined, scully will skip this file.

















































----------------------------------
Using stored unhandled routes!.
   To discover new routes in the angular app use "npm run scully -- --scanRoutes"
----------------------------------

----------------------------------
Using stored unhandled routes!.
   To discover new routes in the angular app use "npm run scully -- --scanRoutes"
----------------------------------

----------------------------------
Using stored unhandled routes!.
   To discover new routes in the angular app use "npm run scully -- --scanRoutes"
----------------------------------

----------------------------------
Using stored unhandled routes!.
   To discover new routes in the angular app use "npm run scully -- --scanRoutes"
----------------------------------

----------------------------------
Using stored unhandled routes!.
   To discover new routes in the angular app use "npm run scully -- --scanRoutes"
----------------------------------

----------------------------------
Using stored unhandled routes!.
   To discover new routes in the angular app use "npm run scully -- --scanRoutes"
----------------------------------

----------------------------------
Using stored unhandled routes!.
   To discover new routes in the angular app use "npm run scully -- --scanRoutes"
----------------------------------

----------------------------------
Using stored unhandled routes!.
   To discover new routes in the angular app use "npm run scully -- --scanRoutes"
----------------------------------

----------------------------------
Using stored unhandled routes!.
   To discover new routes in the angular app use "npm run scully -- --scanRoutes"
----------------------------------

----------------------------------
Using stored unhandled routes!.
   To discover new routes in the angular app use "npm run scully -- --scanRoutes"
----------------------------------

----------------------------------
Using stored unhandled routes!.
   To discover new routes in the angular app use "npm run scully -- --scanRoutes"
----------------------------------

----------------------------------
Using stored unhandled routes!.
   To discover new routes in the angular app use "npm run scully -- --scanRoutes"
----------------------------------

----------------------------------
Using stored unhandled routes!.
   To discover new routes in the angular app use "npm run scully -- --scanRoutes"
----------------------------------

----------------------------------
Using stored unhandled routes!.
   To discover new routes in the angular app use "npm run scully -- --scanRoutes"
----------------------------------

----------------------------------
Using stored unhandled routes!.
   To discover new routes in the angular app use "npm run scully -- --scanRoutes"
----------------------------------

----------------------------------
Using stored unhandled routes!.
   To discover new routes in the angular app use "npm run scully -- --scanRoutes"
----------------------------------

----------------------------------
Using stored unhandled routes!.
   To discover new routes in the angular app use "npm run scully -- --scanRoutes"
----------------------------------

----------------------------------
Using stored unhandled routes!.
   To discover new routes in the angular app use "npm run scully -- --scanRoutes"
----------------------------------

----------------------------------
Using stored unhandled routes!.
   To discover new routes in the angular app use "npm run scully -- --scanRoutes"
----------------------------------

----------------------------------
Using stored unhandled routes!.
   To discover new routes in the angular app use "npm run scully -- --scanRoutes"
----------------------------------

----------------------------------
Using stored unhandled routes!.
   To discover new routes in the angular app use "npm run scully -- --scanRoutes"
----------------------------------

----------------------------------
Using stored unhandled routes!.
   To discover new routes in the angular app use "npm run scully -- --scanRoutes"
----------------------------------

----------------------------------
Using stored unhandled routes!.
   To discover new routes in the angular app use "npm run scully -- --scanRoutes"
----------------------------------

----------------------------------
Using stored unhandled routes!.
   To discover new routes in the angular app use "npm run scully -- --scanRoutes"
----------------------------------

----------------------------------
Using stored unhandled routes!.
   To discover new routes in the angular app use "npm run scully -- --scanRoutes"
----------------------------------
